[2024-07-25 11:45:40Z INFO HostContext] No proxy settings were found based on environmental variables (http_proxy/https_proxy/HTTP_PROXY/HTTPS_PROXY)
[2024-07-25 11:45:40Z INFO HostContext] Well known directory 'Bin': '/Users/zuzux/Documents/Uni/Projects/WTUM/actions-runner/bin'
[2024-07-25 11:45:40Z INFO HostContext] Well known directory 'Root': '/Users/zuzux/Documents/Uni/Projects/WTUM/actions-runner'
[2024-07-25 11:45:40Z INFO HostContext] Well known config file 'Credentials': '/Users/zuzux/Documents/Uni/Projects/WTUM/actions-runner/.credentials'
[2024-07-25 11:45:40Z INFO HostContext] Well known directory 'Bin': '/Users/zuzux/Documents/Uni/Projects/WTUM/actions-runner/bin'
[2024-07-25 11:45:40Z INFO HostContext] Well known directory 'Root': '/Users/zuzux/Documents/Uni/Projects/WTUM/actions-runner'
[2024-07-25 11:45:40Z INFO HostContext] Well known config file 'Runner': '/Users/zuzux/Documents/Uni/Projects/WTUM/actions-runner/.runner'
[2024-07-25 11:45:40Z INFO Listener] Runner is built for OSX (X64) - osx-x64.
[2024-07-25 11:45:40Z INFO Listener] RuntimeInformation: Darwin 23.5.0 Darwin Kernel Version 23.5.0: Wed May  1 20:19:05 PDT 2024; root:xnu-10063.121.3~5/RELEASE_ARM64_T8112.
[2024-07-25 11:45:40Z INFO Listener] Version: 2.317.0
[2024-07-25 11:45:40Z INFO Listener] Commit: 6dc005ee3690a0303e0d7269b6f60295d22dcfad
[2024-07-25 11:45:40Z INFO Listener] Culture: en-US
[2024-07-25 11:45:40Z INFO Listener] UI Culture: en-US
[2024-07-25 11:45:40Z INFO HostContext] Well known directory 'Bin': '/Users/zuzux/Documents/Uni/Projects/WTUM/actions-runner/bin'
[2024-07-25 11:45:40Z INFO HostContext] Well known directory 'Root': '/Users/zuzux/Documents/Uni/Projects/WTUM/actions-runner'
[2024-07-25 11:45:40Z INFO Listener] Validating directory permissions for: '/Users/zuzux/Documents/Uni/Projects/WTUM/actions-runner'
[2024-07-25 11:45:40Z INFO CommandLineParser] Parse
[2024-07-25 11:45:40Z INFO CommandLineParser] Parsing 1 args
[2024-07-25 11:45:40Z INFO CommandLineParser] parsing argument
[2024-07-25 11:45:40Z INFO CommandLineParser] HasArgs: False
[2024-07-25 11:45:40Z INFO CommandLineParser] Adding Command: run
[2024-07-25 11:45:40Z INFO Listener] Arguments parsed
[2024-07-25 11:45:41Z INFO Runner] ExecuteCommand
[2024-07-25 11:45:41Z INFO ConfigurationStore] currentAssemblyLocation: /Users/zuzux/Documents/Uni/Projects/WTUM/actions-runner/bin/Runner.Listener.dll
[2024-07-25 11:45:41Z INFO HostContext] Well known directory 'Bin': '/Users/zuzux/Documents/Uni/Projects/WTUM/actions-runner/bin'
[2024-07-25 11:45:41Z INFO ConfigurationStore] binPath: /Users/zuzux/Documents/Uni/Projects/WTUM/actions-runner/bin
[2024-07-25 11:45:41Z INFO HostContext] Well known directory 'Bin': '/Users/zuzux/Documents/Uni/Projects/WTUM/actions-runner/bin'
[2024-07-25 11:45:41Z INFO HostContext] Well known directory 'Root': '/Users/zuzux/Documents/Uni/Projects/WTUM/actions-runner'
[2024-07-25 11:45:41Z INFO ConfigurationStore] RootFolder: /Users/zuzux/Documents/Uni/Projects/WTUM/actions-runner
[2024-07-25 11:45:41Z INFO HostContext] Well known directory 'Bin': '/Users/zuzux/Documents/Uni/Projects/WTUM/actions-runner/bin'
[2024-07-25 11:45:41Z INFO HostContext] Well known directory 'Root': '/Users/zuzux/Documents/Uni/Projects/WTUM/actions-runner'
[2024-07-25 11:45:41Z INFO HostContext] Well known config file 'Runner': '/Users/zuzux/Documents/Uni/Projects/WTUM/actions-runner/.runner'
[2024-07-25 11:45:41Z INFO ConfigurationStore] ConfigFilePath: /Users/zuzux/Documents/Uni/Projects/WTUM/actions-runner/.runner
[2024-07-25 11:45:41Z INFO HostContext] Well known directory 'Bin': '/Users/zuzux/Documents/Uni/Projects/WTUM/actions-runner/bin'
[2024-07-25 11:45:41Z INFO HostContext] Well known directory 'Root': '/Users/zuzux/Documents/Uni/Projects/WTUM/actions-runner'
[2024-07-25 11:45:41Z INFO HostContext] Well known config file 'Credentials': '/Users/zuzux/Documents/Uni/Projects/WTUM/actions-runner/.credentials'
[2024-07-25 11:45:41Z INFO ConfigurationStore] CredFilePath: /Users/zuzux/Documents/Uni/Projects/WTUM/actions-runner/.credentials
[2024-07-25 11:45:41Z INFO HostContext] Well known directory 'Bin': '/Users/zuzux/Documents/Uni/Projects/WTUM/actions-runner/bin'
[2024-07-25 11:45:41Z INFO HostContext] Well known directory 'Root': '/Users/zuzux/Documents/Uni/Projects/WTUM/actions-runner'
[2024-07-25 11:45:41Z INFO HostContext] Well known config file 'MigratedCredentials': '/Users/zuzux/Documents/Uni/Projects/WTUM/actions-runner/.credentials_migrated'
[2024-07-25 11:45:41Z INFO ConfigurationStore] MigratedCredFilePath: /Users/zuzux/Documents/Uni/Projects/WTUM/actions-runner/.credentials_migrated
[2024-07-25 11:45:41Z INFO HostContext] Well known directory 'Bin': '/Users/zuzux/Documents/Uni/Projects/WTUM/actions-runner/bin'
[2024-07-25 11:45:41Z INFO HostContext] Well known directory 'Root': '/Users/zuzux/Documents/Uni/Projects/WTUM/actions-runner'
[2024-07-25 11:45:41Z INFO HostContext] Well known config file 'Service': '/Users/zuzux/Documents/Uni/Projects/WTUM/actions-runner/.service'
[2024-07-25 11:45:41Z INFO ConfigurationStore] ServiceConfigFilePath: /Users/zuzux/Documents/Uni/Projects/WTUM/actions-runner/.service
[2024-07-25 11:45:41Z INFO CommandSettings] Flag 'help': 'False'
[2024-07-25 11:45:41Z INFO CommandSettings] Flag 'version': 'False'
[2024-07-25 11:45:41Z INFO CommandSettings] Flag 'commit': 'False'
[2024-07-25 11:45:41Z INFO CommandSettings] Flag 'check': 'False'
[2024-07-25 11:45:41Z INFO CommandSettings] Command 'configure': 'False'
[2024-07-25 11:45:41Z INFO CommandSettings] Command 'remove': 'False'
[2024-07-25 11:45:41Z INFO CommandSettings] Command 'warmup': 'False'
[2024-07-25 11:45:41Z INFO ConfigurationManager] LoadSettings
[2024-07-25 11:45:41Z INFO ConfigurationStore] IsConfigured()
[2024-07-25 11:45:41Z INFO ConfigurationStore] IsConfigured: True
[2024-07-25 11:45:41Z INFO ConfigurationManager] Is configured: True
[2024-07-25 11:45:41Z INFO ConfigurationStore] Read setting file: 298 chars
[2024-07-25 11:45:41Z INFO ConfigurationManager] Settings Loaded
[2024-07-25 11:45:41Z INFO ConfigurationStore] IsServiceConfigured()
[2024-07-25 11:45:41Z INFO ConfigurationStore] IsServiceConfigured: False
[2024-07-25 11:45:41Z INFO CommandSettings] Command 'run': 'True'
[2024-07-25 11:45:41Z INFO ConfigurationStore] IsConfigured()
[2024-07-25 11:45:41Z INFO ConfigurationStore] IsConfigured: True
[2024-07-25 11:45:41Z INFO ConfigurationManager] Is configured: True
[2024-07-25 11:45:41Z INFO Runner] Could not parse the argument value '' for StartupType. Defaulting to Manual
[2024-07-25 11:45:41Z INFO Runner] Set runner startup type - Manual
[2024-07-25 11:45:41Z INFO CommandSettings] Flag 'once': 'False'
[2024-07-25 11:45:41Z INFO CommandSettings] Flag 'once': 'False'
[2024-07-25 11:45:41Z INFO Runner] RunAsync
[2024-07-25 11:45:41Z INFO ConfigurationManager] LoadSettings
[2024-07-25 11:45:41Z INFO ConfigurationStore] IsConfigured()
[2024-07-25 11:45:41Z INFO ConfigurationStore] IsConfigured: True
[2024-07-25 11:45:41Z INFO ConfigurationManager] Is configured: True
[2024-07-25 11:45:41Z INFO ConfigurationManager] Settings Loaded
[2024-07-25 11:45:41Z INFO MessageListener] {
  "AgentId": 21,
  "AgentName": "Zuzannas-MacBook-Pro",
  "PoolId": 1,
  "PoolName": "Default",
  "ServerUrl": "https://pipelinesghubeus3.actions.githubusercontent.com/ObtvuKAlzGUCBlhLgse2K3hKyKXroLgVE7UVtg4FVj6I6umBBd/",
  "GitHubUrl": "https://github.com/zuzux3/WTUM",
  "WorkFolder": "_work"
}
[2024-07-25 11:45:41Z INFO MessageListener] Loading Credentials
[2024-07-25 11:45:41Z INFO ConfigurationStore] HasCredentials()
[2024-07-25 11:45:41Z INFO ConfigurationStore] stored True
[2024-07-25 11:45:41Z INFO CredentialManager] GetCredentialProvider
[2024-07-25 11:45:41Z INFO CredentialManager] Creating type OAuth
[2024-07-25 11:45:41Z INFO CredentialManager] Creating credential type: OAuth
[2024-07-25 11:45:41Z INFO HostContext] Well known directory 'Bin': '/Users/zuzux/Documents/Uni/Projects/WTUM/actions-runner/bin'
[2024-07-25 11:45:41Z INFO HostContext] Well known directory 'Root': '/Users/zuzux/Documents/Uni/Projects/WTUM/actions-runner'
[2024-07-25 11:45:41Z INFO HostContext] Well known config file 'RSACredentials': '/Users/zuzux/Documents/Uni/Projects/WTUM/actions-runner/.credentials_rsaparams'
[2024-07-25 11:45:41Z INFO RSAFileKeyManager] Loading RSA key parameters from file /Users/zuzux/Documents/Uni/Projects/WTUM/actions-runner/.credentials_rsaparams
[2024-07-25 11:45:41Z INFO MessageListener] Attempt to create session.
[2024-07-25 11:45:41Z INFO MessageListener] Connecting to the Runner Server...
[2024-07-25 11:45:41Z INFO RunnerServer] EstablishVssConnection
[2024-07-25 11:45:41Z INFO RunnerServer] Establish connection with 100 seconds timeout.
[2024-07-25 11:45:41Z INFO GitHubActionsService] Starting operation Location.GetConnectionData
[2024-07-25 11:45:41Z INFO RunnerServer] EstablishVssConnection
[2024-07-25 11:45:41Z INFO RunnerServer] Establish connection with 60 seconds timeout.
[2024-07-25 11:45:41Z INFO GitHubActionsService] Starting operation Location.GetConnectionData
[2024-07-25 11:45:41Z INFO RunnerServer] EstablishVssConnection
[2024-07-25 11:45:41Z INFO RunnerServer] Establish connection with 60 seconds timeout.
[2024-07-25 11:45:41Z INFO GitHubActionsService] Starting operation Location.GetConnectionData
[2024-07-25 11:45:43Z INFO GitHubActionsService] Finished operation Location.GetConnectionData
[2024-07-25 11:45:43Z INFO GitHubActionsService] Finished operation Location.GetConnectionData
[2024-07-25 11:45:43Z INFO GitHubActionsService] Finished operation Location.GetConnectionData
[2024-07-25 11:45:43Z INFO MessageListener] VssConnection created
[2024-07-25 11:45:43Z INFO Terminal] WRITE LINE: 
[2024-07-25 11:45:43Z INFO Terminal] WRITE LINE: 
[2024-07-25 11:45:43Z INFO RSAFileKeyManager] Loading RSA key parameters from file /Users/zuzux/Documents/Uni/Projects/WTUM/actions-runner/.credentials_rsaparams
[2024-07-25 11:45:43Z INFO RSAFileKeyManager] Loading RSA key parameters from file /Users/zuzux/Documents/Uni/Projects/WTUM/actions-runner/.credentials_rsaparams
[2024-07-25 11:45:44Z INFO GitHubActionsService] AAD Correlation ID for this token request: Unknown
[2024-07-25 11:45:44Z INFO MessageListener] Session created.
[2024-07-25 11:45:44Z INFO Terminal] WRITE LINE: Current runner version: '2.317.0'
[2024-07-25 11:45:44Z INFO Terminal] WRITE LINE: 2024-07-25 11:45:44Z: Listening for Jobs
[2024-07-25 11:45:44Z INFO JobDispatcher] Set runner/worker IPC timeout to 30 seconds.
[2024-07-25 12:29:32Z WARN GitHubActionsService] GET request to https://pipelinesghubeus3.actions.githubusercontent.com/ObtvuKAlzGUCBlhLgse2K3hKyKXroLgVE7UVtg4FVj6I6umBBd/_apis/distributedtask/pools/1/messages?sessionId=e16d36c0-6706-4d10-a2a1-72941fe260b6&status=Online&runnerVersion=2.317.0&os=macOS&architecture=X64&disableUpdate=false timed out after 60 seconds.
[2024-07-25 12:29:32Z ERR  MessageListener] Catch exception during get next message.
[2024-07-25 12:29:33Z ERR  MessageListener] System.TimeoutException: The HTTP request timed out after 00:01:00.
 ---> System.Threading.Tasks.TaskCanceledException: The operation was canceled.
 ---> System.IO.IOException: Unable to read data from the transport connection: Operation canceled.
 ---> System.Net.Sockets.SocketException (89): Operation canceled
   --- End of inner exception stack trace ---
   at System.Net.Sockets.Socket.AwaitableSocketAsyncEventArgs.ThrowException(SocketError error, CancellationToken cancellationToken)
   at System.Net.Sockets.Socket.AwaitableSocketAsyncEventArgs.System.Threading.Tasks.Sources.IValueTaskSource<System.Int32>.GetResult(Int16 token)
   at System.Net.Security.SslStream.EnsureFullTlsFrameAsync[TIOAdapter](TIOAdapter adapter)
   at System.Net.Security.SslStream.ReadAsyncInternal[TIOAdapter](TIOAdapter adapter, Memory`1 buffer)
   at System.Net.Http.HttpConnection.SendAsyncCore(HttpRequestMessage request, Boolean async, CancellationToken cancellationToken)
   --- End of inner exception stack trace ---
   at System.Net.Http.HttpConnection.SendAsyncCore(HttpRequestMessage request, Boolean async, CancellationToken cancellationToken)
   at System.Net.Http.AuthenticationHelper.SendWithNtAuthAsync(HttpRequestMessage request, Uri authUri, Boolean async, ICredentials credentials, Boolean isProxyAuth, HttpConnection connection, HttpConnectionPool connectionPool, CancellationToken cancellationToken)
   at System.Net.Http.HttpConnectionPool.SendWithVersionDetectionAndRetryAsync(HttpRequestMessage request, Boolean async, Boolean doRequestAuth, CancellationToken cancellationToken)
   at System.Net.Http.AuthenticationHelper.SendWithAuthAsync(HttpRequestMessage request, Uri authUri, Boolean async, ICredentials credentials, Boolean preAuthenticate, Boolean isProxyAuth, Boolean doRequestAuth, HttpConnectionPool pool, CancellationToken cancellationToken)
   at System.Net.Http.DecompressionHandler.SendAsync(HttpRequestMessage request, Boolean async, CancellationToken cancellationToken)
   at GitHub.Services.Common.VssHttpMessageHandler.SendAsync(HttpRequestMessage request, CancellationToken cancellationToken)
   --- End of inner exception stack trace ---
   at GitHub.Services.Common.VssHttpMessageHandler.SendAsync(HttpRequestMessage request, CancellationToken cancellationToken)
   at GitHub.Services.Common.VssHttpRetryMessageHandler.SendAsync(HttpRequestMessage request, CancellationToken cancellationToken)
   at System.Net.Http.HttpClient.<SendAsync>g__Core|83_0(HttpRequestMessage request, HttpCompletionOption completionOption, CancellationTokenSource cts, Boolean disposeCts, CancellationTokenSource pendingRequestsCts, CancellationToken originalCancellationToken)
   at GitHub.Services.WebApi.VssHttpClientBase.SendAsync(HttpRequestMessage message, HttpCompletionOption completionOption, Object userState, CancellationToken cancellationToken)
   at GitHub.Services.WebApi.VssHttpClientBase.SendAsync[T](HttpRequestMessage message, Object userState, CancellationToken cancellationToken)
   at GitHub.Services.WebApi.VssHttpClientBase.SendAsync[T](HttpMethod method, IEnumerable`1 additionalHeaders, Guid locationId, Object routeValues, ApiResourceVersion version, HttpContent content, IEnumerable`1 queryParameters, Object userState, CancellationToken cancellationToken)
   at GitHub.Runner.Listener.MessageListener.GetNextMessageAsync(CancellationToken token)
[2024-07-25 12:29:33Z ERR  MessageListener] #####################################################
[2024-07-25 12:29:33Z ERR  MessageListener] System.Threading.Tasks.TaskCanceledException: The operation was canceled.
 ---> System.IO.IOException: Unable to read data from the transport connection: Operation canceled.
 ---> System.Net.Sockets.SocketException (89): Operation canceled
   --- End of inner exception stack trace ---
   at System.Net.Sockets.Socket.AwaitableSocketAsyncEventArgs.ThrowException(SocketError error, CancellationToken cancellationToken)
   at System.Net.Sockets.Socket.AwaitableSocketAsyncEventArgs.System.Threading.Tasks.Sources.IValueTaskSource<System.Int32>.GetResult(Int16 token)
   at System.Net.Security.SslStream.EnsureFullTlsFrameAsync[TIOAdapter](TIOAdapter adapter)
   at System.Net.Security.SslStream.ReadAsyncInternal[TIOAdapter](TIOAdapter adapter, Memory`1 buffer)
   at System.Net.Http.HttpConnection.SendAsyncCore(HttpRequestMessage request, Boolean async, CancellationToken cancellationToken)
   --- End of inner exception stack trace ---
   at System.Net.Http.HttpConnection.SendAsyncCore(HttpRequestMessage request, Boolean async, CancellationToken cancellationToken)
   at System.Net.Http.AuthenticationHelper.SendWithNtAuthAsync(HttpRequestMessage request, Uri authUri, Boolean async, ICredentials credentials, Boolean isProxyAuth, HttpConnection connection, HttpConnectionPool connectionPool, CancellationToken cancellationToken)
   at System.Net.Http.HttpConnectionPool.SendWithVersionDetectionAndRetryAsync(HttpRequestMessage request, Boolean async, Boolean doRequestAuth, CancellationToken cancellationToken)
   at System.Net.Http.AuthenticationHelper.SendWithAuthAsync(HttpRequestMessage request, Uri authUri, Boolean async, ICredentials credentials, Boolean preAuthenticate, Boolean isProxyAuth, Boolean doRequestAuth, HttpConnectionPool pool, CancellationToken cancellationToken)
   at System.Net.Http.DecompressionHandler.SendAsync(HttpRequestMessage request, Boolean async, CancellationToken cancellationToken)
   at GitHub.Services.Common.VssHttpMessageHandler.SendAsync(HttpRequestMessage request, CancellationToken cancellationToken)
[2024-07-25 12:29:33Z ERR  MessageListener] #####################################################
[2024-07-25 12:29:33Z ERR  MessageListener] System.IO.IOException: Unable to read data from the transport connection: Operation canceled.
 ---> System.Net.Sockets.SocketException (89): Operation canceled
   --- End of inner exception stack trace ---
   at System.Net.Sockets.Socket.AwaitableSocketAsyncEventArgs.ThrowException(SocketError error, CancellationToken cancellationToken)
   at System.Net.Sockets.Socket.AwaitableSocketAsyncEventArgs.System.Threading.Tasks.Sources.IValueTaskSource<System.Int32>.GetResult(Int16 token)
   at System.Net.Security.SslStream.EnsureFullTlsFrameAsync[TIOAdapter](TIOAdapter adapter)
   at System.Net.Security.SslStream.ReadAsyncInternal[TIOAdapter](TIOAdapter adapter, Memory`1 buffer)
   at System.Net.Http.HttpConnection.SendAsyncCore(HttpRequestMessage request, Boolean async, CancellationToken cancellationToken)
[2024-07-25 12:29:33Z ERR  MessageListener] #####################################################
[2024-07-25 12:29:33Z ERR  MessageListener] System.Net.Sockets.SocketException (89): Operation canceled
[2024-07-25 12:29:33Z INFO MessageListener] Retriable exception: The HTTP request timed out after 00:01:00.
[2024-07-25 12:29:33Z ERR  Terminal] WRITE ERROR: 2024-07-25 12:29:33Z: Runner connect error: The HTTP request timed out after 00:01:00.. Retrying until reconnected.
[2024-07-25 12:29:33Z INFO RunnerServer] Refresh MessageQueue VssConnection to get on a different AFD node.
[2024-07-25 12:29:33Z INFO RunnerServer] EstablishVssConnection
[2024-07-25 12:29:33Z INFO RunnerServer] Establish connection with 60 seconds timeout.
[2024-07-25 12:29:33Z INFO GitHubActionsService] Starting operation Location.GetConnectionData
[2024-07-25 12:29:34Z INFO GitHubActionsService] Finished operation Location.GetConnectionData
[2024-07-25 12:29:34Z INFO MessageListener] Sleeping for 25.893 seconds before retrying.
[2024-07-25 12:30:51Z INFO Terminal] WRITE LINE: 2024-07-25 12:30:51Z: Runner reconnected.
[2024-07-25 12:39:17Z WARN GitHubActionsService] GET request to https://pipelinesghubeus3.actions.githubusercontent.com/ObtvuKAlzGUCBlhLgse2K3hKyKXroLgVE7UVtg4FVj6I6umBBd/_apis/distributedtask/pools/1/messages?sessionId=e16d36c0-6706-4d10-a2a1-72941fe260b6&status=Online&runnerVersion=2.317.0&os=macOS&architecture=X64&disableUpdate=false timed out after 60 seconds.
[2024-07-25 12:39:17Z ERR  MessageListener] Catch exception during get next message.
[2024-07-25 12:39:17Z ERR  MessageListener] System.TimeoutException: The HTTP request timed out after 00:01:00.
 ---> System.Threading.Tasks.TaskCanceledException: The operation was canceled.
 ---> System.IO.IOException: Unable to read data from the transport connection: Operation canceled.
 ---> System.Net.Sockets.SocketException (89): Operation canceled
   --- End of inner exception stack trace ---
   at System.Net.Sockets.Socket.AwaitableSocketAsyncEventArgs.ThrowException(SocketError error, CancellationToken cancellationToken)
   at System.Net.Sockets.Socket.AwaitableSocketAsyncEventArgs.System.Threading.Tasks.Sources.IValueTaskSource<System.Int32>.GetResult(Int16 token)
   at System.Net.Security.SslStream.EnsureFullTlsFrameAsync[TIOAdapter](TIOAdapter adapter)
   at System.Net.Security.SslStream.ReadAsyncInternal[TIOAdapter](TIOAdapter adapter, Memory`1 buffer)
   at System.Net.Http.HttpConnection.SendAsyncCore(HttpRequestMessage request, Boolean async, CancellationToken cancellationToken)
   --- End of inner exception stack trace ---
   at System.Net.Http.HttpConnection.SendAsyncCore(HttpRequestMessage request, Boolean async, CancellationToken cancellationToken)
   at System.Net.Http.AuthenticationHelper.SendWithNtAuthAsync(HttpRequestMessage request, Uri authUri, Boolean async, ICredentials credentials, Boolean isProxyAuth, HttpConnection connection, HttpConnectionPool connectionPool, CancellationToken cancellationToken)
   at System.Net.Http.HttpConnectionPool.SendWithVersionDetectionAndRetryAsync(HttpRequestMessage request, Boolean async, Boolean doRequestAuth, CancellationToken cancellationToken)
   at System.Net.Http.AuthenticationHelper.SendWithAuthAsync(HttpRequestMessage request, Uri authUri, Boolean async, ICredentials credentials, Boolean preAuthenticate, Boolean isProxyAuth, Boolean doRequestAuth, HttpConnectionPool pool, CancellationToken cancellationToken)
   at System.Net.Http.DecompressionHandler.SendAsync(HttpRequestMessage request, Boolean async, CancellationToken cancellationToken)
   at GitHub.Services.Common.VssHttpMessageHandler.SendAsync(HttpRequestMessage request, CancellationToken cancellationToken)
   --- End of inner exception stack trace ---
   at GitHub.Services.Common.VssHttpMessageHandler.SendAsync(HttpRequestMessage request, CancellationToken cancellationToken)
   at GitHub.Services.Common.VssHttpRetryMessageHandler.SendAsync(HttpRequestMessage request, CancellationToken cancellationToken)
   at System.Net.Http.HttpClient.<SendAsync>g__Core|83_0(HttpRequestMessage request, HttpCompletionOption completionOption, CancellationTokenSource cts, Boolean disposeCts, CancellationTokenSource pendingRequestsCts, CancellationToken originalCancellationToken)
   at GitHub.Services.WebApi.VssHttpClientBase.SendAsync(HttpRequestMessage message, HttpCompletionOption completionOption, Object userState, CancellationToken cancellationToken)
   at GitHub.Services.WebApi.VssHttpClientBase.SendAsync[T](HttpRequestMessage message, Object userState, CancellationToken cancellationToken)
   at GitHub.Services.WebApi.VssHttpClientBase.SendAsync[T](HttpMethod method, IEnumerable`1 additionalHeaders, Guid locationId, Object routeValues, ApiResourceVersion version, HttpContent content, IEnumerable`1 queryParameters, Object userState, CancellationToken cancellationToken)
   at GitHub.Runner.Listener.MessageListener.GetNextMessageAsync(CancellationToken token)
[2024-07-25 12:39:17Z ERR  MessageListener] #####################################################
[2024-07-25 12:39:17Z ERR  MessageListener] System.Threading.Tasks.TaskCanceledException: The operation was canceled.
 ---> System.IO.IOException: Unable to read data from the transport connection: Operation canceled.
 ---> System.Net.Sockets.SocketException (89): Operation canceled
   --- End of inner exception stack trace ---
   at System.Net.Sockets.Socket.AwaitableSocketAsyncEventArgs.ThrowException(SocketError error, CancellationToken cancellationToken)
   at System.Net.Sockets.Socket.AwaitableSocketAsyncEventArgs.System.Threading.Tasks.Sources.IValueTaskSource<System.Int32>.GetResult(Int16 token)
   at System.Net.Security.SslStream.EnsureFullTlsFrameAsync[TIOAdapter](TIOAdapter adapter)
   at System.Net.Security.SslStream.ReadAsyncInternal[TIOAdapter](TIOAdapter adapter, Memory`1 buffer)
   at System.Net.Http.HttpConnection.SendAsyncCore(HttpRequestMessage request, Boolean async, CancellationToken cancellationToken)
   --- End of inner exception stack trace ---
   at System.Net.Http.HttpConnection.SendAsyncCore(HttpRequestMessage request, Boolean async, CancellationToken cancellationToken)
   at System.Net.Http.AuthenticationHelper.SendWithNtAuthAsync(HttpRequestMessage request, Uri authUri, Boolean async, ICredentials credentials, Boolean isProxyAuth, HttpConnection connection, HttpConnectionPool connectionPool, CancellationToken cancellationToken)
   at System.Net.Http.HttpConnectionPool.SendWithVersionDetectionAndRetryAsync(HttpRequestMessage request, Boolean async, Boolean doRequestAuth, CancellationToken cancellationToken)
   at System.Net.Http.AuthenticationHelper.SendWithAuthAsync(HttpRequestMessage request, Uri authUri, Boolean async, ICredentials credentials, Boolean preAuthenticate, Boolean isProxyAuth, Boolean doRequestAuth, HttpConnectionPool pool, CancellationToken cancellationToken)
   at System.Net.Http.DecompressionHandler.SendAsync(HttpRequestMessage request, Boolean async, CancellationToken cancellationToken)
   at GitHub.Services.Common.VssHttpMessageHandler.SendAsync(HttpRequestMessage request, CancellationToken cancellationToken)
[2024-07-25 12:39:17Z ERR  MessageListener] #####################################################
[2024-07-25 12:39:17Z ERR  MessageListener] System.IO.IOException: Unable to read data from the transport connection: Operation canceled.
 ---> System.Net.Sockets.SocketException (89): Operation canceled
   --- End of inner exception stack trace ---
   at System.Net.Sockets.Socket.AwaitableSocketAsyncEventArgs.ThrowException(SocketError error, CancellationToken cancellationToken)
   at System.Net.Sockets.Socket.AwaitableSocketAsyncEventArgs.System.Threading.Tasks.Sources.IValueTaskSource<System.Int32>.GetResult(Int16 token)
   at System.Net.Security.SslStream.EnsureFullTlsFrameAsync[TIOAdapter](TIOAdapter adapter)
   at System.Net.Security.SslStream.ReadAsyncInternal[TIOAdapter](TIOAdapter adapter, Memory`1 buffer)
   at System.Net.Http.HttpConnection.SendAsyncCore(HttpRequestMessage request, Boolean async, CancellationToken cancellationToken)
[2024-07-25 12:39:17Z ERR  MessageListener] #####################################################
[2024-07-25 12:39:17Z ERR  MessageListener] System.Net.Sockets.SocketException (89): Operation canceled
[2024-07-25 12:39:17Z INFO MessageListener] Retriable exception: The HTTP request timed out after 00:01:00.
[2024-07-25 12:39:17Z ERR  Terminal] WRITE ERROR: 2024-07-25 12:39:17Z: Runner connect error: The HTTP request timed out after 00:01:00.. Retrying until reconnected.
[2024-07-25 12:39:17Z INFO RunnerServer] Refresh MessageQueue VssConnection to get on a different AFD node.
[2024-07-25 12:39:17Z INFO RunnerServer] EstablishVssConnection
[2024-07-25 12:39:17Z INFO RunnerServer] Establish connection with 60 seconds timeout.
[2024-07-25 12:39:17Z INFO GitHubActionsService] Starting operation Location.GetConnectionData
[2024-07-25 12:39:18Z INFO GitHubActionsService] Finished operation Location.GetConnectionData
[2024-07-25 12:39:18Z INFO MessageListener] Sleeping for 28.273 seconds before retrying.
[2024-07-25 12:39:46Z INFO MessageListener] No message retrieved from session 'e16d36c0-6706-4d10-a2a1-72941fe260b6' within last 30 minutes.
[2024-07-25 12:40:36Z INFO Terminal] WRITE LINE: 2024-07-25 12:40:36Z: Runner reconnected.
[2024-07-25 12:41:27Z INFO RSAFileKeyManager] Loading RSA key parameters from file /Users/zuzux/Documents/Uni/Projects/WTUM/actions-runner/.credentials_rsaparams
[2024-07-25 12:41:28Z INFO GitHubActionsService] AAD Correlation ID for this token request: Unknown
[2024-07-25 12:45:40Z WARN GitHubActionsService] GET request to https://pipelinesghubeus3.actions.githubusercontent.com/ObtvuKAlzGUCBlhLgse2K3hKyKXroLgVE7UVtg4FVj6I6umBBd/_apis/distributedtask/pools/1/messages?sessionId=e16d36c0-6706-4d10-a2a1-72941fe260b6&status=Online&runnerVersion=2.317.0&os=macOS&architecture=X64&disableUpdate=false timed out after 60 seconds.
[2024-07-25 12:45:40Z ERR  MessageListener] Catch exception during get next message.
[2024-07-25 12:45:40Z ERR  MessageListener] System.TimeoutException: The HTTP request timed out after 00:01:00.
 ---> System.Threading.Tasks.TaskCanceledException: The operation was canceled.
 ---> System.IO.IOException: Unable to read data from the transport connection: Operation canceled.
 ---> System.Net.Sockets.SocketException (89): Operation canceled
   --- End of inner exception stack trace ---
   at System.Net.Sockets.Socket.AwaitableSocketAsyncEventArgs.ThrowException(SocketError error, CancellationToken cancellationToken)
   at System.Net.Sockets.Socket.AwaitableSocketAsyncEventArgs.System.Threading.Tasks.Sources.IValueTaskSource<System.Int32>.GetResult(Int16 token)
   at System.Net.Security.SslStream.EnsureFullTlsFrameAsync[TIOAdapter](TIOAdapter adapter)
   at System.Net.Security.SslStream.ReadAsyncInternal[TIOAdapter](TIOAdapter adapter, Memory`1 buffer)
   at System.Net.Http.HttpConnection.SendAsyncCore(HttpRequestMessage request, Boolean async, CancellationToken cancellationToken)
   --- End of inner exception stack trace ---
   at System.Net.Http.HttpConnection.SendAsyncCore(HttpRequestMessage request, Boolean async, CancellationToken cancellationToken)
   at System.Net.Http.AuthenticationHelper.SendWithNtAuthAsync(HttpRequestMessage request, Uri authUri, Boolean async, ICredentials credentials, Boolean isProxyAuth, HttpConnection connection, HttpConnectionPool connectionPool, CancellationToken cancellationToken)
   at System.Net.Http.HttpConnectionPool.SendWithVersionDetectionAndRetryAsync(HttpRequestMessage request, Boolean async, Boolean doRequestAuth, CancellationToken cancellationToken)
   at System.Net.Http.AuthenticationHelper.SendWithAuthAsync(HttpRequestMessage request, Uri authUri, Boolean async, ICredentials credentials, Boolean preAuthenticate, Boolean isProxyAuth, Boolean doRequestAuth, HttpConnectionPool pool, CancellationToken cancellationToken)
   at System.Net.Http.DecompressionHandler.SendAsync(HttpRequestMessage request, Boolean async, CancellationToken cancellationToken)
   at GitHub.Services.Common.VssHttpMessageHandler.SendAsync(HttpRequestMessage request, CancellationToken cancellationToken)
   --- End of inner exception stack trace ---
   at GitHub.Services.Common.VssHttpMessageHandler.SendAsync(HttpRequestMessage request, CancellationToken cancellationToken)
   at GitHub.Services.Common.VssHttpRetryMessageHandler.SendAsync(HttpRequestMessage request, CancellationToken cancellationToken)
   at System.Net.Http.HttpClient.<SendAsync>g__Core|83_0(HttpRequestMessage request, HttpCompletionOption completionOption, CancellationTokenSource cts, Boolean disposeCts, CancellationTokenSource pendingRequestsCts, CancellationToken originalCancellationToken)
   at GitHub.Services.WebApi.VssHttpClientBase.SendAsync(HttpRequestMessage message, HttpCompletionOption completionOption, Object userState, CancellationToken cancellationToken)
   at GitHub.Services.WebApi.VssHttpClientBase.SendAsync[T](HttpRequestMessage message, Object userState, CancellationToken cancellationToken)
   at GitHub.Services.WebApi.VssHttpClientBase.SendAsync[T](HttpMethod method, IEnumerable`1 additionalHeaders, Guid locationId, Object routeValues, ApiResourceVersion version, HttpContent content, IEnumerable`1 queryParameters, Object userState, CancellationToken cancellationToken)
   at GitHub.Runner.Listener.MessageListener.GetNextMessageAsync(CancellationToken token)
[2024-07-25 12:45:40Z ERR  MessageListener] #####################################################
[2024-07-25 12:45:40Z ERR  MessageListener] System.Threading.Tasks.TaskCanceledException: The operation was canceled.
 ---> System.IO.IOException: Unable to read data from the transport connection: Operation canceled.
 ---> System.Net.Sockets.SocketException (89): Operation canceled
   --- End of inner exception stack trace ---
   at System.Net.Sockets.Socket.AwaitableSocketAsyncEventArgs.ThrowException(SocketError error, CancellationToken cancellationToken)
   at System.Net.Sockets.Socket.AwaitableSocketAsyncEventArgs.System.Threading.Tasks.Sources.IValueTaskSource<System.Int32>.GetResult(Int16 token)
   at System.Net.Security.SslStream.EnsureFullTlsFrameAsync[TIOAdapter](TIOAdapter adapter)
   at System.Net.Security.SslStream.ReadAsyncInternal[TIOAdapter](TIOAdapter adapter, Memory`1 buffer)
   at System.Net.Http.HttpConnection.SendAsyncCore(HttpRequestMessage request, Boolean async, CancellationToken cancellationToken)
   --- End of inner exception stack trace ---
   at System.Net.Http.HttpConnection.SendAsyncCore(HttpRequestMessage request, Boolean async, CancellationToken cancellationToken)
   at System.Net.Http.AuthenticationHelper.SendWithNtAuthAsync(HttpRequestMessage request, Uri authUri, Boolean async, ICredentials credentials, Boolean isProxyAuth, HttpConnection connection, HttpConnectionPool connectionPool, CancellationToken cancellationToken)
   at System.Net.Http.HttpConnectionPool.SendWithVersionDetectionAndRetryAsync(HttpRequestMessage request, Boolean async, Boolean doRequestAuth, CancellationToken cancellationToken)
   at System.Net.Http.AuthenticationHelper.SendWithAuthAsync(HttpRequestMessage request, Uri authUri, Boolean async, ICredentials credentials, Boolean preAuthenticate, Boolean isProxyAuth, Boolean doRequestAuth, HttpConnectionPool pool, CancellationToken cancellationToken)
   at System.Net.Http.DecompressionHandler.SendAsync(HttpRequestMessage request, Boolean async, CancellationToken cancellationToken)
   at GitHub.Services.Common.VssHttpMessageHandler.SendAsync(HttpRequestMessage request, CancellationToken cancellationToken)
[2024-07-25 12:45:40Z ERR  MessageListener] #####################################################
[2024-07-25 12:45:40Z ERR  MessageListener] System.IO.IOException: Unable to read data from the transport connection: Operation canceled.
 ---> System.Net.Sockets.SocketException (89): Operation canceled
   --- End of inner exception stack trace ---
   at System.Net.Sockets.Socket.AwaitableSocketAsyncEventArgs.ThrowException(SocketError error, CancellationToken cancellationToken)
   at System.Net.Sockets.Socket.AwaitableSocketAsyncEventArgs.System.Threading.Tasks.Sources.IValueTaskSource<System.Int32>.GetResult(Int16 token)
   at System.Net.Security.SslStream.EnsureFullTlsFrameAsync[TIOAdapter](TIOAdapter adapter)
   at System.Net.Security.SslStream.ReadAsyncInternal[TIOAdapter](TIOAdapter adapter, Memory`1 buffer)
   at System.Net.Http.HttpConnection.SendAsyncCore(HttpRequestMessage request, Boolean async, CancellationToken cancellationToken)
[2024-07-25 12:45:40Z ERR  MessageListener] #####################################################
[2024-07-25 12:45:40Z ERR  MessageListener] System.Net.Sockets.SocketException (89): Operation canceled
[2024-07-25 12:45:40Z INFO MessageListener] Retriable exception: The HTTP request timed out after 00:01:00.
[2024-07-25 12:45:40Z ERR  Terminal] WRITE ERROR: 2024-07-25 12:45:40Z: Runner connect error: The HTTP request timed out after 00:01:00.. Retrying until reconnected.
[2024-07-25 12:45:40Z INFO RunnerServer] Refresh MessageQueue VssConnection to get on a different AFD node.
[2024-07-25 12:45:40Z INFO RunnerServer] EstablishVssConnection
[2024-07-25 12:45:40Z INFO RunnerServer] Establish connection with 60 seconds timeout.
[2024-07-25 12:45:40Z INFO GitHubActionsService] Starting operation Location.GetConnectionData
[2024-07-25 12:45:41Z INFO GitHubActionsService] Finished operation Location.GetConnectionData
[2024-07-25 12:45:41Z INFO MessageListener] Sleeping for 18.857 seconds before retrying.
[2024-07-25 12:46:50Z INFO Terminal] WRITE LINE: 2024-07-25 12:46:50Z: Runner reconnected.
