[2024-07-10 13:20:38Z INFO HostContext] No proxy settings were found based on environmental variables (http_proxy/https_proxy/HTTP_PROXY/HTTPS_PROXY)
[2024-07-10 13:20:38Z INFO HostContext] Well known directory 'Bin': '/Users/zuzux/Documents/Uni/Projects/WTUM/actions-runner/bin'
[2024-07-10 13:20:38Z INFO HostContext] Well known directory 'Root': '/Users/zuzux/Documents/Uni/Projects/WTUM/actions-runner'
[2024-07-10 13:20:38Z INFO HostContext] Well known config file 'Credentials': '/Users/zuzux/Documents/Uni/Projects/WTUM/actions-runner/.credentials'
[2024-07-10 13:20:38Z INFO HostContext] Well known directory 'Bin': '/Users/zuzux/Documents/Uni/Projects/WTUM/actions-runner/bin'
[2024-07-10 13:20:38Z INFO HostContext] Well known directory 'Root': '/Users/zuzux/Documents/Uni/Projects/WTUM/actions-runner'
[2024-07-10 13:20:38Z INFO HostContext] Well known config file 'Runner': '/Users/zuzux/Documents/Uni/Projects/WTUM/actions-runner/.runner'
[2024-07-10 13:20:39Z INFO Listener] Runner is built for OSX (X64) - osx-x64.
[2024-07-10 13:20:39Z INFO Listener] RuntimeInformation: Darwin 23.5.0 Darwin Kernel Version 23.5.0: Wed May  1 20:19:05 PDT 2024; root:xnu-10063.121.3~5/RELEASE_ARM64_T8112.
[2024-07-10 13:20:39Z INFO Listener] Version: 2.317.0
[2024-07-10 13:20:39Z INFO Listener] Commit: 6dc005ee3690a0303e0d7269b6f60295d22dcfad
[2024-07-10 13:20:39Z INFO Listener] Culture: en-US
[2024-07-10 13:20:39Z INFO Listener] UI Culture: en-US
[2024-07-10 13:20:39Z INFO HostContext] Well known directory 'Bin': '/Users/zuzux/Documents/Uni/Projects/WTUM/actions-runner/bin'
[2024-07-10 13:20:39Z INFO HostContext] Well known directory 'Root': '/Users/zuzux/Documents/Uni/Projects/WTUM/actions-runner'
[2024-07-10 13:20:39Z INFO Listener] Validating directory permissions for: '/Users/zuzux/Documents/Uni/Projects/WTUM/actions-runner'
[2024-07-10 13:20:39Z INFO CommandLineParser] Parse
[2024-07-10 13:20:39Z INFO CommandLineParser] Parsing 5 args
[2024-07-10 13:20:39Z INFO CommandLineParser] parsing argument
[2024-07-10 13:20:39Z INFO CommandLineParser] HasArgs: False
[2024-07-10 13:20:39Z INFO CommandLineParser] Adding Command: configure
[2024-07-10 13:20:39Z INFO CommandLineParser] parsing argument
[2024-07-10 13:20:39Z INFO CommandLineParser] HasArgs: True
[2024-07-10 13:20:39Z INFO CommandLineParser] arg: url
[2024-07-10 13:20:39Z INFO CommandLineParser] parsing argument
[2024-07-10 13:20:39Z INFO CommandLineParser] HasArgs: True
[2024-07-10 13:20:39Z INFO CommandLineParser] Adding option 'url': 'https://github.com/zuzux3/WTUM'
[2024-07-10 13:20:39Z INFO CommandLineParser] parsing argument
[2024-07-10 13:20:39Z INFO CommandLineParser] HasArgs: True
[2024-07-10 13:20:39Z INFO CommandLineParser] arg: token
[2024-07-10 13:20:39Z INFO CommandLineParser] parsing argument
[2024-07-10 13:20:39Z INFO CommandLineParser] HasArgs: True
[2024-07-10 13:20:39Z INFO CommandLineParser] Adding option 'token': '***'
[2024-07-10 13:20:39Z INFO Listener] Arguments parsed
[2024-07-10 13:20:39Z INFO Runner] ExecuteCommand
[2024-07-10 13:20:39Z INFO ConfigurationStore] currentAssemblyLocation: /Users/zuzux/Documents/Uni/Projects/WTUM/actions-runner/bin/Runner.Listener.dll
[2024-07-10 13:20:39Z INFO HostContext] Well known directory 'Bin': '/Users/zuzux/Documents/Uni/Projects/WTUM/actions-runner/bin'
[2024-07-10 13:20:39Z INFO ConfigurationStore] binPath: /Users/zuzux/Documents/Uni/Projects/WTUM/actions-runner/bin
[2024-07-10 13:20:39Z INFO HostContext] Well known directory 'Bin': '/Users/zuzux/Documents/Uni/Projects/WTUM/actions-runner/bin'
[2024-07-10 13:20:39Z INFO HostContext] Well known directory 'Root': '/Users/zuzux/Documents/Uni/Projects/WTUM/actions-runner'
[2024-07-10 13:20:39Z INFO ConfigurationStore] RootFolder: /Users/zuzux/Documents/Uni/Projects/WTUM/actions-runner
[2024-07-10 13:20:39Z INFO HostContext] Well known directory 'Bin': '/Users/zuzux/Documents/Uni/Projects/WTUM/actions-runner/bin'
[2024-07-10 13:20:39Z INFO HostContext] Well known directory 'Root': '/Users/zuzux/Documents/Uni/Projects/WTUM/actions-runner'
[2024-07-10 13:20:39Z INFO HostContext] Well known config file 'Runner': '/Users/zuzux/Documents/Uni/Projects/WTUM/actions-runner/.runner'
[2024-07-10 13:20:39Z INFO ConfigurationStore] ConfigFilePath: /Users/zuzux/Documents/Uni/Projects/WTUM/actions-runner/.runner
[2024-07-10 13:20:39Z INFO HostContext] Well known directory 'Bin': '/Users/zuzux/Documents/Uni/Projects/WTUM/actions-runner/bin'
[2024-07-10 13:20:39Z INFO HostContext] Well known directory 'Root': '/Users/zuzux/Documents/Uni/Projects/WTUM/actions-runner'
[2024-07-10 13:20:39Z INFO HostContext] Well known config file 'Credentials': '/Users/zuzux/Documents/Uni/Projects/WTUM/actions-runner/.credentials'
[2024-07-10 13:20:39Z INFO ConfigurationStore] CredFilePath: /Users/zuzux/Documents/Uni/Projects/WTUM/actions-runner/.credentials
[2024-07-10 13:20:39Z INFO HostContext] Well known directory 'Bin': '/Users/zuzux/Documents/Uni/Projects/WTUM/actions-runner/bin'
[2024-07-10 13:20:39Z INFO HostContext] Well known directory 'Root': '/Users/zuzux/Documents/Uni/Projects/WTUM/actions-runner'
[2024-07-10 13:20:39Z INFO HostContext] Well known config file 'MigratedCredentials': '/Users/zuzux/Documents/Uni/Projects/WTUM/actions-runner/.credentials_migrated'
[2024-07-10 13:20:39Z INFO ConfigurationStore] MigratedCredFilePath: /Users/zuzux/Documents/Uni/Projects/WTUM/actions-runner/.credentials_migrated
[2024-07-10 13:20:39Z INFO HostContext] Well known directory 'Bin': '/Users/zuzux/Documents/Uni/Projects/WTUM/actions-runner/bin'
[2024-07-10 13:20:39Z INFO HostContext] Well known directory 'Root': '/Users/zuzux/Documents/Uni/Projects/WTUM/actions-runner'
[2024-07-10 13:20:39Z INFO HostContext] Well known config file 'Service': '/Users/zuzux/Documents/Uni/Projects/WTUM/actions-runner/.service'
[2024-07-10 13:20:39Z INFO ConfigurationStore] ServiceConfigFilePath: /Users/zuzux/Documents/Uni/Projects/WTUM/actions-runner/.service
[2024-07-10 13:20:39Z INFO CommandSettings] Flag 'help': 'False'
[2024-07-10 13:20:39Z INFO CommandSettings] Flag 'version': 'False'
[2024-07-10 13:20:39Z INFO CommandSettings] Flag 'commit': 'False'
[2024-07-10 13:20:39Z INFO CommandSettings] Flag 'check': 'False'
[2024-07-10 13:20:39Z INFO CommandSettings] Command 'configure': 'True'
[2024-07-10 13:20:40Z INFO Terminal] WRITE LINE: 
[2024-07-10 13:20:40Z INFO Terminal] WRITE LINE: --------------------------------------------------------------------------------
[2024-07-10 13:20:40Z INFO Terminal] WRITE LINE: |        ____ _ _   _   _       _          _        _   _                      |
[2024-07-10 13:20:40Z INFO Terminal] WRITE LINE: |       / ___(_) |_| | | |_   _| |__      / \   ___| |_(_) ___  _ __  ___      |
[2024-07-10 13:20:40Z INFO Terminal] WRITE LINE: |      | |  _| | __| |_| | | | | '_ \    / _ \ / __| __| |/ _ \| '_ \/ __|     |
[2024-07-10 13:20:40Z INFO Terminal] WRITE LINE: |      | |_| | | |_|  _  | |_| | |_) |  / ___ \ (__| |_| | (_) | | | \__ \     |
[2024-07-10 13:20:40Z INFO Terminal] WRITE LINE: |       \____|_|\__|_| |_|\__,_|_.__/  /_/   \_\___|\__|_|\___/|_| |_|___/     |
[2024-07-10 13:20:40Z INFO Terminal] WRITE LINE: |                                                                              |
[2024-07-10 13:20:40Z INFO Terminal] WRITE: |                       
[2024-07-10 13:20:40Z INFO Terminal] WRITE: Self-hosted runner registration
[2024-07-10 13:20:40Z INFO Terminal] WRITE LINE:                         |
[2024-07-10 13:20:40Z INFO Terminal] WRITE LINE: |                                                                              |
[2024-07-10 13:20:40Z INFO Terminal] WRITE LINE: --------------------------------------------------------------------------------
[2024-07-10 13:20:40Z INFO ConfigurationManager] ConfigureAsync
[2024-07-10 13:20:40Z INFO CommandSettings] Flag 'generateServiceConfig': 'False'
[2024-07-10 13:20:40Z INFO ConfigurationStore] IsConfigured()
[2024-07-10 13:20:40Z INFO ConfigurationStore] IsConfigured: False
[2024-07-10 13:20:40Z INFO ConfigurationManager] Is configured: False
[2024-07-10 13:20:40Z INFO CommandSettings] Arg 'url': 'https://github.com/zuzux3/WTUM'
[2024-07-10 13:20:40Z INFO CommandSettings] Remove url from Arg dictionary.
[2024-07-10 13:20:40Z INFO CommandSettings] Arg 'token': '***'
[2024-07-10 13:20:40Z INFO CommandSettings] Remove token from Arg dictionary.
[2024-07-10 13:20:43Z INFO ConfigurationManager] Http response code: OK from 'POST https://api.github.com/actions/runner-registration' (CE22:37D043:2A18E30:2A92EAA:668E8AAA)
[2024-07-10 13:20:43Z INFO ConfigurationManager] Using V2 flow: False
[2024-07-10 13:20:43Z INFO ConfigurationManager] cred retrieved via GitHub auth
[2024-07-10 13:20:43Z INFO RunnerServer] EstablishVssConnection
[2024-07-10 13:20:43Z INFO RunnerServer] Establish connection with 100 seconds timeout.
[2024-07-10 13:20:44Z INFO GitHubActionsService] Starting operation Location.GetConnectionData
[2024-07-10 13:20:44Z INFO RunnerServer] EstablishVssConnection
[2024-07-10 13:20:44Z INFO RunnerServer] Establish connection with 60 seconds timeout.
[2024-07-10 13:20:44Z INFO GitHubActionsService] Starting operation Location.GetConnectionData
[2024-07-10 13:20:44Z INFO RunnerServer] EstablishVssConnection
[2024-07-10 13:20:44Z INFO RunnerServer] Establish connection with 60 seconds timeout.
[2024-07-10 13:20:44Z INFO GitHubActionsService] Starting operation Location.GetConnectionData
[2024-07-10 13:20:45Z INFO GitHubActionsService] Finished operation Location.GetConnectionData
[2024-07-10 13:20:45Z INFO GitHubActionsService] Finished operation Location.GetConnectionData
[2024-07-10 13:20:45Z INFO GitHubActionsService] Finished operation Location.GetConnectionData
[2024-07-10 13:20:45Z INFO Terminal] WRITE LINE: 
[2024-07-10 13:20:45Z INFO ConfigurationManager] Test Connection complete.
[2024-07-10 13:20:45Z INFO HostContext] Well known directory 'Bin': '/Users/zuzux/Documents/Uni/Projects/WTUM/actions-runner/bin'
[2024-07-10 13:20:45Z INFO HostContext] Well known directory 'Root': '/Users/zuzux/Documents/Uni/Projects/WTUM/actions-runner'
[2024-07-10 13:20:45Z INFO HostContext] Well known config file 'RSACredentials': '/Users/zuzux/Documents/Uni/Projects/WTUM/actions-runner/.credentials_rsaparams'
[2024-07-10 13:20:45Z INFO RSAFileKeyManager] Creating new RSA key using 2048-bit key length
[2024-07-10 13:20:46Z INFO RSAFileKeyManager] Successfully saved RSA key parameters to file /Users/zuzux/Documents/Uni/Projects/WTUM/actions-runner/.credentials_rsaparams
[2024-07-10 13:20:46Z INFO RSAFileKeyManager] Which2: 'chmod'
[2024-07-10 13:20:46Z INFO RSAFileKeyManager] Location: '/bin/chmod'
[2024-07-10 13:20:46Z INFO HostContext] Well known directory 'Bin': '/Users/zuzux/Documents/Uni/Projects/WTUM/actions-runner/bin'
[2024-07-10 13:20:46Z INFO HostContext] Well known directory 'Root': '/Users/zuzux/Documents/Uni/Projects/WTUM/actions-runner'
[2024-07-10 13:20:46Z INFO ProcessInvokerWrapper] Starting process:
[2024-07-10 13:20:46Z INFO ProcessInvokerWrapper]   File name: '/bin/chmod'
[2024-07-10 13:20:46Z INFO ProcessInvokerWrapper]   Arguments: '600 /Users/zuzux/Documents/Uni/Projects/WTUM/actions-runner/.credentials_rsaparams'
[2024-07-10 13:20:46Z INFO ProcessInvokerWrapper]   Working directory: '/Users/zuzux/Documents/Uni/Projects/WTUM/actions-runner'
[2024-07-10 13:20:46Z INFO ProcessInvokerWrapper]   Require exit code zero: 'False'
[2024-07-10 13:20:46Z INFO ProcessInvokerWrapper]   Encoding web name:  ; code page: ''
[2024-07-10 13:20:46Z INFO ProcessInvokerWrapper]   Force kill process on cancellation: 'False'
[2024-07-10 13:20:46Z INFO ProcessInvokerWrapper]   Redirected STDIN: 'False'
[2024-07-10 13:20:46Z INFO ProcessInvokerWrapper]   Persist current code page: 'False'
[2024-07-10 13:20:46Z INFO ProcessInvokerWrapper]   Keep redirected STDIN open: 'False'
[2024-07-10 13:20:46Z INFO ProcessInvokerWrapper]   High priority process: 'False'
[2024-07-10 13:20:46Z INFO ProcessInvokerWrapper] Process started with process id 22735, waiting for process exit.
[2024-07-10 13:20:47Z INFO ProcessInvokerWrapper] STDOUT/STDERR stream read finished.
[2024-07-10 13:20:47Z INFO ProcessInvokerWrapper] STDOUT/STDERR stream read finished.
[2024-07-10 13:20:47Z INFO ProcessInvokerWrapper] Finished process 22735 with exit code 0, and elapsed time 00:00:00.8357009.
[2024-07-10 13:20:47Z INFO RSAFileKeyManager] Successfully set permissions for RSA key parameters file /Users/zuzux/Documents/Uni/Projects/WTUM/actions-runner/.credentials_rsaparams
[2024-07-10 13:20:47Z INFO CommandSettings] Arg 'runnergroup': ''
[2024-07-10 13:20:47Z INFO CommandSettings] Flag 'unattended': 'False'
[2024-07-10 13:20:47Z INFO PromptManager] ReadValue
[2024-07-10 13:20:47Z INFO Terminal] WRITE: Enter the name of the runner group to add this runner to: 
[2024-07-10 13:20:47Z INFO Terminal] WRITE: [press Enter for Default] 
[2024-07-10 13:20:47Z INFO Terminal] READ LINE
[2024-07-10 13:20:55Z INFO Terminal] Read value: ''
[2024-07-10 13:20:55Z INFO PromptManager] Falling back to the default: 'Default'
[2024-07-10 13:20:55Z INFO Terminal] WRITE LINE: 
[2024-07-10 13:20:55Z INFO ConfigurationManager] Found a self-hosted runner group with id 1 and name Default
[2024-07-10 13:20:55Z INFO CommandSettings] Flag 'disableupdate': 'False'
[2024-07-10 13:20:55Z INFO CommandSettings] Flag 'ephemeral': 'False'
[2024-07-10 13:20:55Z INFO CommandSettings] Arg 'name': ''
[2024-07-10 13:20:55Z INFO CommandSettings] Flag 'unattended': 'False'
[2024-07-10 13:20:55Z INFO PromptManager] ReadValue
[2024-07-10 13:20:55Z INFO Terminal] WRITE: Enter the name of runner: 
[2024-07-10 13:20:55Z INFO Terminal] WRITE: [press Enter for Zuzannas-MacBook-Pro] 
[2024-07-10 13:20:55Z INFO Terminal] READ LINE
[2024-07-10 13:20:57Z INFO Terminal] Read value: ''
[2024-07-10 13:20:57Z INFO PromptManager] Falling back to the default: 'Zuzannas-MacBook-Pro'
[2024-07-10 13:20:57Z INFO Terminal] WRITE LINE: 
[2024-07-10 13:20:57Z INFO CommandSettings] Arg 'labels': ''
[2024-07-10 13:20:57Z INFO CommandSettings] Flag 'unattended': 'False'
[2024-07-10 13:20:57Z INFO PromptManager] ReadValue
[2024-07-10 13:20:57Z INFO Terminal] WRITE: This runner will have the following labels: 'self-hosted', 'macOS', 'X64' 
Enter any additional labels (ex. label-1,label-2): 
[2024-07-10 13:20:57Z INFO Terminal] WRITE: [press Enter to skip] 
[2024-07-10 13:20:57Z INFO Terminal] READ LINE
[2024-07-10 13:21:01Z INFO Terminal] Read value: ''
[2024-07-10 13:21:01Z INFO Terminal] WRITE LINE: 
[2024-07-10 13:21:01Z INFO CommandSettings] Flag 'disableupdate': 'False'
[2024-07-10 13:21:01Z INFO CommandSettings] Flag 'no-default-labels': 'False'
[2024-07-10 13:21:02Z INFO CommandSettings] Flag 'disableupdate': 'False'
[2024-07-10 13:21:02Z INFO CommandSettings] Flag 'ephemeral': 'False'
[2024-07-10 13:21:02Z INFO ConfigurationStore] Saving OAuth credential @ /Users/zuzux/Documents/Uni/Projects/WTUM/actions-runner/.credentials
[2024-07-10 13:21:02Z INFO ConfigurationStore] Credentials Saved.
[2024-07-10 13:21:02Z INFO ConfigurationStore] HasCredentials()
[2024-07-10 13:21:02Z INFO ConfigurationStore] stored True
[2024-07-10 13:21:02Z INFO CredentialManager] GetCredentialProvider
[2024-07-10 13:21:02Z INFO CredentialManager] Creating type OAuth
[2024-07-10 13:21:02Z INFO CredentialManager] Creating credential type: OAuth
[2024-07-10 13:21:02Z INFO RSAFileKeyManager] Loading RSA key parameters from file /Users/zuzux/Documents/Uni/Projects/WTUM/actions-runner/.credentials_rsaparams
[2024-07-10 13:21:02Z INFO RunnerServer] EstablishVssConnection
[2024-07-10 13:21:02Z INFO RunnerServer] Establish connection with 100 seconds timeout.
[2024-07-10 13:21:02Z INFO GitHubActionsService] Starting operation Location.GetConnectionData
[2024-07-10 13:21:02Z INFO RunnerServer] EstablishVssConnection
[2024-07-10 13:21:02Z INFO RunnerServer] Establish connection with 60 seconds timeout.
[2024-07-10 13:21:02Z INFO GitHubActionsService] Starting operation Location.GetConnectionData
[2024-07-10 13:21:02Z INFO RunnerServer] EstablishVssConnection
[2024-07-10 13:21:02Z INFO RunnerServer] Establish connection with 60 seconds timeout.
[2024-07-10 13:21:02Z INFO GitHubActionsService] Starting operation Location.GetConnectionData
[2024-07-10 13:21:03Z INFO GitHubActionsService] Finished operation Location.GetConnectionData
[2024-07-10 13:21:03Z INFO GitHubActionsService] Finished operation Location.GetConnectionData
[2024-07-10 13:21:03Z INFO GitHubActionsService] Finished operation Location.GetConnectionData
[2024-07-10 13:21:03Z INFO RSAFileKeyManager] Loading RSA key parameters from file /Users/zuzux/Documents/Uni/Projects/WTUM/actions-runner/.credentials_rsaparams
[2024-07-10 13:21:03Z INFO RSAFileKeyManager] Loading RSA key parameters from file /Users/zuzux/Documents/Uni/Projects/WTUM/actions-runner/.credentials_rsaparams
[2024-07-10 13:21:03Z INFO GitHubActionsService] AAD Correlation ID for this token request: Unknown
[2024-07-10 13:21:03Z INFO CommandSettings] Arg 'work': ''
[2024-07-10 13:21:03Z INFO CommandSettings] Flag 'unattended': 'False'
[2024-07-10 13:21:03Z INFO PromptManager] ReadValue
[2024-07-10 13:21:03Z INFO Terminal] WRITE: Enter name of work folder: 
[2024-07-10 13:21:03Z INFO Terminal] WRITE: [press Enter for _work] 
[2024-07-10 13:21:03Z INFO Terminal] READ LINE
[2024-07-10 13:21:14Z INFO Terminal] Read value: ''
[2024-07-10 13:21:14Z INFO PromptManager] Falling back to the default: '_work'
[2024-07-10 13:21:14Z INFO ConfigurationStore] Saving runner settings.
[2024-07-10 13:21:14Z INFO ConfigurationStore] Settings Saved.
[2024-07-10 13:21:14Z INFO Terminal] WRITE LINE: 
[2024-07-10 13:21:14Z INFO Terminal] WRITE LINE: 
[2024-07-10 13:21:14Z INFO OsxServiceControlManager] Service name 'actions.runner.zuzux3-WTUM.Zuzannas-MacBook-Pro' display name 'GitHub Actions Runner (zuzux3-WTUM.Zuzannas-MacBook-Pro)' will be used for service configuration.
[2024-07-10 13:21:14Z INFO HostContext] Well known directory 'Bin': '/Users/zuzux/Documents/Uni/Projects/WTUM/actions-runner/bin'
[2024-07-10 13:21:14Z INFO HostContext] Well known directory 'Root': '/Users/zuzux/Documents/Uni/Projects/WTUM/actions-runner'
[2024-07-10 13:21:14Z INFO HostContext] Well known directory 'Bin': '/Users/zuzux/Documents/Uni/Projects/WTUM/actions-runner/bin'
[2024-07-10 13:21:14Z INFO HostContext] Well known directory 'Bin': '/Users/zuzux/Documents/Uni/Projects/WTUM/actions-runner/bin'
[2024-07-10 13:21:14Z INFO HostContext] Well known directory 'Root': '/Users/zuzux/Documents/Uni/Projects/WTUM/actions-runner'
[2024-07-10 13:21:14Z INFO UnixUtil] Which2: 'chmod'
[2024-07-10 13:21:14Z INFO UnixUtil] Location: '/bin/chmod'
[2024-07-10 13:21:14Z INFO UnixUtil] Running /bin/chmod 755 "/Users/zuzux/Documents/Uni/Projects/WTUM/actions-runner/svc.sh"
[2024-07-10 13:21:14Z INFO ProcessInvokerWrapper] Starting process:
[2024-07-10 13:21:14Z INFO ProcessInvokerWrapper]   File name: '/bin/chmod'
[2024-07-10 13:21:14Z INFO ProcessInvokerWrapper]   Arguments: '755 "/Users/zuzux/Documents/Uni/Projects/WTUM/actions-runner/svc.sh"'
[2024-07-10 13:21:14Z INFO ProcessInvokerWrapper]   Working directory: '/Users/zuzux/Documents/Uni/Projects/WTUM/actions-runner'
[2024-07-10 13:21:14Z INFO ProcessInvokerWrapper]   Require exit code zero: 'True'
[2024-07-10 13:21:14Z INFO ProcessInvokerWrapper]   Encoding web name:  ; code page: ''
[2024-07-10 13:21:14Z INFO ProcessInvokerWrapper]   Force kill process on cancellation: 'False'
[2024-07-10 13:21:14Z INFO ProcessInvokerWrapper]   Redirected STDIN: 'False'
[2024-07-10 13:21:14Z INFO ProcessInvokerWrapper]   Persist current code page: 'False'
[2024-07-10 13:21:14Z INFO ProcessInvokerWrapper]   Keep redirected STDIN open: 'False'
[2024-07-10 13:21:14Z INFO ProcessInvokerWrapper]   High priority process: 'False'
[2024-07-10 13:21:14Z INFO ProcessInvokerWrapper] Process started with process id 22899, waiting for process exit.
[2024-07-10 13:21:14Z INFO ProcessInvokerWrapper] STDOUT/STDERR stream read finished.
[2024-07-10 13:21:14Z INFO ProcessInvokerWrapper] STDOUT/STDERR stream read finished.
[2024-07-10 13:21:14Z INFO ProcessInvokerWrapper] Finished process 22899 with exit code 0, and elapsed time 00:00:00.6635170.
[2024-07-10 13:21:14Z INFO Listener] Runner execution has finished with return code 0
